./bin/Release/omega
OMEGA-MG20 serial comman line tool. Version 0.2b (c) Sergey Butenin.
Using port=/dev/ttyS0, src address=254, destination=0
Please use commands:
quit - to exit;
dst=(0..255) - to set new destination address
other - to send text message to OMEGA
#
#
#
#
# 07.04.2009 21:49:20 <SRC=5 DST=0> KA

# 07.04.2009 21:50:20 <SRC=5 DST=0> KA
07.04.2009 21:51:21 <SRC=5 DST=0> KA
07.04.2009 21:52:23 <SRC=5 DST=0> KA
07.04.2009 21:53:23 <SRC=5 DST=0> KA
07.04.2009 21:54:23 <SRC=5 DST=0> KA
07.04.2009 21:55:24 <SRC=5 DST=0> KA
07.04.2009 21:56:24 <SRC=5 DST=0> KA
07.04.2009 21:57:24 <SRC=5 DST=0> KA
07.04.2009 21:58:26 <SRC=5 DST=0> KA
07.04.2009 21:59:27 <SRC=5 DST=0> KA
07.04.2009 22:00:27 <SRC=5 DST=0> KA
07.04.2009 22:01:27 <SRC=5 DST=0> KA
07.04.2009 22:02:27 <SRC=5 DST=0> KA
07.04.2009 22:03:27 <SRC=5 DST=0> KA
07.04.2009 22:04:30 <SRC=5 DST=0> KA
07.04.2009 22:05:30 <SRC=5 DST=0> KA
07.04.2009 22:06:30 <SRC=5 DST=0> KA
07.04.2009 22:07:30 <SRC=5 DST=0> KA
07.04.2009 22:08:31 <SRC=5 DST=0> KA
07.04.2009 22:09:31 <SRC=5 DST=0> KA
07.04.2009 22:10:33 <SRC=5 DST=0> KA
07.04.2009 22:11:33 <SRC=5 DST=0> KA
07.04.2009 22:12:34 <SRC=5 DST=0> KA
07.04.2009 22:13:34 <SRC=5 DST=0> KA

# 
